2018-01-15 18:32:23,553 INFO o.a.j.u.JMeterUtils: Setting Locale to en_IN
2018-01-15 18:32:23,563 INFO o.a.j.JMeter: Loading user properties from: user.properties
2018-01-15 18:32:23,563 INFO o.a.j.JMeter: Loading system properties from: system.properties
2018-01-15 18:32:23,568 INFO o.a.j.JMeter: Copyright (c) 1998-2017 The Apache Software Foundation
2018-01-15 18:32:23,568 INFO o.a.j.JMeter: Version 3.3 r1808647
2018-01-15 18:32:23,568 INFO o.a.j.JMeter: java.version=1.8.0_151
2018-01-15 18:32:23,568 INFO o.a.j.JMeter: java.vm.name=Java HotSpot(TM) 64-Bit Server VM
2018-01-15 18:32:23,568 INFO o.a.j.JMeter: os.name=Windows 10
2018-01-15 18:32:23,568 INFO o.a.j.JMeter: os.arch=amd64
2018-01-15 18:32:23,568 INFO o.a.j.JMeter: os.version=10.0
2018-01-15 18:32:23,568 INFO o.a.j.JMeter: file.encoding=Cp1252
2018-01-15 18:32:23,568 INFO o.a.j.JMeter: Max memory     =536870912
2018-01-15 18:32:23,569 INFO o.a.j.JMeter: Available Processors =4
2018-01-15 18:32:23,571 INFO o.a.j.JMeter: Default Locale=English (India)
2018-01-15 18:32:23,572 INFO o.a.j.JMeter: JMeter  Locale=English (India)
2018-01-15 18:32:23,572 INFO o.a.j.JMeter: JMeterHome=C:\Users\Yajana\apache-jmeter-3.3\apache-jmeter-3.3
2018-01-15 18:32:23,572 INFO o.a.j.JMeter: user.dir  =C:\Users\Yajana\apache-jmeter-3.3\apache-jmeter-3.3\bin
2018-01-15 18:32:23,572 INFO o.a.j.JMeter: PWD       =C:\Users\Yajana\apache-jmeter-3.3\apache-jmeter-3.3\bin
2018-01-15 18:32:28,081 INFO o.a.j.JMeter: IP: 192.168.99.1 Name: DESKTOP-4HBDBJJ FullName: DESKTOP-4HBDBJJ
2018-01-15 18:32:28,090 INFO o.a.j.s.FileServer: Default base='C:\Users\Yajana\apache-jmeter-3.3\apache-jmeter-3.3\bin'
2018-01-15 18:32:28,091 INFO o.a.j.s.FileServer: Set new base='C:\Users\Yajana\apache-jmeter-3.3\apache-jmeter-3.3\bin'
2018-01-15 18:32:28,262 INFO o.a.j.s.SaveService: Testplan (JMX) version: 2.2. Testlog (JTL) version: 2.2
2018-01-15 18:32:28,305 INFO o.a.j.s.SaveService: Using SaveService properties file encoding UTF-8
2018-01-15 18:32:28,310 INFO o.a.j.s.SaveService: Using SaveService properties version 3.2
2018-01-15 18:32:28,314 INFO o.a.j.s.SaveService: Loading file: URLupload.jmx
2018-01-15 18:32:28,419 INFO o.a.j.s.SampleResult: Note: Sample TimeStamps are START times
2018-01-15 18:32:28,420 INFO o.a.j.s.SampleResult: sampleresult.default.encoding is set to ISO-8859-1
2018-01-15 18:32:28,420 INFO o.a.j.s.SampleResult: sampleresult.useNanoTime=true
2018-01-15 18:32:28,420 INFO o.a.j.s.SampleResult: sampleresult.nanoThreadSleep=5000
2018-01-15 18:32:28,463 INFO o.a.j.JMeter: Creating summariser <summary>
2018-01-15 18:32:28,469 INFO o.a.j.e.StandardJMeterEngine: Running the test!
2018-01-15 18:32:28,479 INFO o.a.j.s.SampleEvent: List of sample_variables: []
2018-01-15 18:32:28,479 INFO o.a.j.s.SampleEvent: List of sample_variables: []
2018-01-15 18:32:28,482 INFO o.a.j.e.u.CompoundVariable: Note: Function class names must contain the string: '.functions.'
2018-01-15 18:32:28,482 INFO o.a.j.e.u.CompoundVariable: Note: Function class names must not contain the string: '.gui.'
2018-01-15 18:32:29,104 INFO o.a.j.JMeter: Running test (1516021349104)
2018-01-15 18:32:29,166 INFO o.a.j.e.StandardJMeterEngine: Starting ThreadGroup: 1 : Thread Group
2018-01-15 18:32:29,166 INFO o.a.j.e.StandardJMeterEngine: Starting 1 threads for group Thread Group.
2018-01-15 18:32:29,167 INFO o.a.j.e.StandardJMeterEngine: Thread will continue on error
2018-01-15 18:32:29,167 INFO o.a.j.t.ThreadGroup: Starting thread group... number=1 threads=1 ramp-up=2 perThread=2000.0 delayedStart=false
2018-01-15 18:32:29,175 INFO o.a.j.t.ThreadGroup: Started thread group number 1
2018-01-15 18:32:29,175 INFO o.a.j.e.StandardJMeterEngine: All thread groups have been started
2018-01-15 18:32:29,178 INFO o.a.j.t.JMeterThread: Thread started: Thread Group 1-1
2018-01-15 18:32:39,926 INFO c.g.j.p.w.s.WebDriverSampler:  StartTime = 2018-01-15T18:32:39.911
